[21:30:46] [main/INFO] (FabricLoader/GameProvider) Loading Minecraft 1.20.1 with Fabric Loader 0.18.4
[21:30:47] [main/INFO] (FabricLoader) Loading 63 mods:
	- copperagebackport 0.1.4
	- fabric-api 0.92.7+1.20.1
	- fabric-api-base 0.4.32+1802ada577
	- fabric-api-lookup-api-v1 1.6.37+1802ada577
	- fabric-biome-api-v1 13.0.15+93aa238b77
	- fabric-block-api-v1 1.0.12+1802ada577
	- fabric-block-view-api-v2 1.0.3+924f046a77
	- fabric-blockrenderlayer-v1 1.1.42+1802ada577
	- fabric-client-tags-api-v1 1.1.3+1802ada577
	- fabric-command-api-v1 1.2.35+f71b366f77
	- fabric-command-api-v2 2.2.14+1802ada577
	- fabric-commands-v0 0.2.52+df3654b377
	- fabric-containers-v0 0.1.67+df3654b377
	- fabric-content-registries-v0 4.0.13+1802ada577
	- fabric-convention-tags-v1 1.5.6+1802ada577
	- fabric-crash-report-info-v1 0.2.20+1802ada577
	- fabric-data-attachment-api-v1 1.0.2+de0fd6d177
	- fabric-data-generation-api-v1 12.3.7+1802ada577
	- fabric-dimensions-v1 2.1.55+1802ada577
	- fabric-entity-events-v1 1.6.1+1c78457f77
	- fabric-events-interaction-v0 0.6.5+13a40c6677
	- fabric-events-lifecycle-v0 0.2.64+df3654b377
	- fabric-game-rule-api-v1 1.0.41+1802ada577
	- fabric-gametest-api-v1 1.2.15+1802ada577
	- fabric-item-api-v1 2.1.29+1802ada577
	- fabric-item-group-api-v1 4.0.14+1802ada577
	- fabric-key-binding-api-v1 1.0.38+1802ada577
	- fabric-keybindings-v0 0.2.36+df3654b377
	- fabric-lifecycle-events-v1 2.2.23+1802ada577
	- fabric-loot-api-v2 1.2.3+1802ada577
	- fabric-loot-tables-v1 1.1.47+9e7660c677
	- fabric-message-api-v1 5.1.10+1802ada577
	- fabric-mining-level-api-v1 2.1.52+1802ada577
	- fabric-model-loading-api-v1 1.0.4+1802ada577
	- fabric-models-v0 0.4.3+9386d8a777
	- fabric-networking-api-v1 1.3.14+a158aa0477
	- fabric-networking-v0 0.3.54+df3654b377
	- fabric-object-builder-api-v1 11.1.5+e35120df77
	- fabric-particles-v1 1.1.3+1802ada577
	- fabric-recipe-api-v1 1.0.24+1802ada577
	- fabric-registry-sync-v0 2.3.6+1802ada577
	- fabric-renderer-api-v1 3.2.2+1802ada577
	- fabric-renderer-indigo 1.5.3+85287f9f77
	- fabric-renderer-registries-v1 3.2.47+df3654b377
	- fabric-rendering-data-attachment-v1 0.3.39+92a0d36777
	- fabric-rendering-fluids-v1 3.0.29+1802ada577
	- fabric-rendering-v0 1.1.50+df3654b377
	- fabric-rendering-v1 3.0.9+1802ada577
	- fabric-resource-conditions-api-v1 2.3.9+1802ada577
	- fabric-resource-loader-v0 0.11.12+fb82e9d777
	- fabric-screen-api-v1 2.0.9+1802ada577
	- fabric-screen-handler-api-v1 1.3.33+1802ada577
	- fabric-sound-api-v1 1.0.14+1802ada577
	- fabric-transfer-api-v1 3.3.6+8dd72ea377
	- fabric-transitive-access-wideners-v1 4.3.2+1802ada577
	- fabricloader 0.18.4
	- generated_2ce0cb5 1.0.0
	- java 21
	- minecraft 1.20.1
	- mixinextras 0.5.0
	- sherdsapi 4.0.4
	- trickytrialsbackport 2026.1
	- trimmed 2.1.4
[21:30:47] [main/INFO] (FabricLoader/Mixin) SpongePowered MIXIN Subsystem Version=0.8.7 Source=file:/C:/Users/dandi/scoop/apps/gradle/current/.gradle/caches/modules-2/files-2.1/net.fabricmc/sponge-mixin/0.17.0+mixin.0.8.7/cf31463202f72d03b0ef1e1e38e8ee71b7faaab6/sponge-mixin-0.17.0+mixin.0.8.7.jar Service=Knot/Fabric Env=CLIENT
[21:30:47] [main/INFO] (FabricLoader/Mixin) Loaded Fabric development mappings for mixin remapper!
[21:30:47] [main/INFO] (FabricLoader/Mixin) Compatibility level set to JAVA_16
[21:30:47] [main/INFO] (FabricLoader/Mixin) Compatibility level set to JAVA_17
[21:30:48] [main/INFO] (FabricLoader/MixinExtras|Service) Initializing MixinExtras via com.llamalad7.mixinextras.service.MixinExtrasServiceImpl(version=0.5.0).
[21:30:49] [main/WARN] (PerfmonDisabled) Invalid registry value type detected for PerfOS counters. Should be REG_DWORD. Ignoring: HKEY_LOCAL_MACHINE\SYSTEM\CurrentControlSet\Services\PerfOS\Performance\Disable Performance Counters.
[21:30:52] [Datafixer Bootstrap/INFO] (Minecraft) 188 Datafixer optimizations took 117 milliseconds
[21:30:54] [Render thread/INFO] (Minecraft) [STDERR]: [LWJGL] [ThreadLocalUtil] Unsupported JNI version detected, this may result in a crash. Please inform LWJGL developers.
[21:30:54] [Render thread/INFO] (Minecraft) Environment: authHost='https://authserver.mojang.com', accountsHost='https://api.mojang.com', sessionHost='https://sessionserver.mojang.com', servicesHost='https://api.minecraftservices.com', name='PROD'
[21:30:54] [Render thread/ERROR] (Minecraft) Failed to verify authentication
com.mojang.authlib.exceptions.InvalidCredentialsException: Status: 401
	at com.mojang.authlib.exceptions.MinecraftClientHttpException.toAuthenticationException(MinecraftClientHttpException.java:56) ~[authlib-4.0.43.jar:?]
	at com.mojang.authlib.yggdrasil.YggdrasilUserApiService.fetchProperties(YggdrasilUserApiService.java:156) ~[authlib-4.0.43.jar:?]
	at com.mojang.authlib.yggdrasil.YggdrasilUserApiService.<init>(YggdrasilUserApiService.java:55) ~[authlib-4.0.43.jar:?]
	at com.mojang.authlib.yggdrasil.YggdrasilAuthenticationService.createUserApiService(YggdrasilAuthenticationService.java:124) ~[authlib-4.0.43.jar:?]
	at net.minecraft.client.Minecraft.createUserApiService(Minecraft.java:733) ~[minecraft-merged-411361af99-1.20.1-loom.mappings.1_20_1.layered+hash.40359-v2.jar:?]
	at net.minecraft.client.Minecraft.<init>(Minecraft.java:442) ~[minecraft-merged-411361af99-1.20.1-loom.mappings.1_20_1.layered+hash.40359-v2.jar:?]
	at net.minecraft.client.main.Main.main(Main.java:211) ~[minecraft-merged-411361af99-1.20.1-loom.mappings.1_20_1.layered+hash.40359-v2.jar:?]
	at net.fabricmc.loader.impl.game.minecraft.MinecraftGameProvider.launch(MinecraftGameProvider.java:514) ~[fabric-loader-0.18.4.jar:?]
	at net.fabricmc.loader.impl.launch.knot.Knot.launch(Knot.java:72) ~[fabric-loader-0.18.4.jar:?]
	at net.fabricmc.loader.impl.launch.knot.KnotClient.main(KnotClient.java:23) ~[fabric-loader-0.18.4.jar:?]
	at net.fabricmc.devlaunchinjector.Main.main(Main.java:86) ~[dev-launch-injector-0.2.1+build.8.jar:?]
	at dev.architectury.transformer.TransformerRuntime.main(TransformerRuntime.java:220) ~[architectury-transformer-5.2.87-runtime.jar:?]
Caused by: com.mojang.authlib.exceptions.MinecraftClientHttpException: Status: 401
	at com.mojang.authlib.minecraft.client.MinecraftClient.readInputStream(MinecraftClient.java:85) ~[authlib-4.0.43.jar:?]
	at com.mojang.authlib.minecraft.client.MinecraftClient.get(MinecraftClient.java:48) ~[authlib-4.0.43.jar:?]
	at com.mojang.authlib.yggdrasil.YggdrasilUserApiService.fetchProperties(YggdrasilUserApiService.java:129) ~[authlib-4.0.43.jar:?]
	... 10 more
[21:30:54] [Render thread/INFO] (Minecraft) Setting user: Player490
[21:30:54] [Render thread/INFO] (Sherds API) Initializing Sherds API for Fabric in a development environment...
[21:30:55] [Render thread/ERROR] (Minecraft) No data fixer registered for bogged
[21:30:55] [Render thread/ERROR] (Minecraft) No data fixer registered for breeze
[21:30:55] [Render thread/ERROR] (Minecraft) No data fixer registered for breeze_wind_charge
[21:30:55] [Render thread/ERROR] (Minecraft) No data fixer registered for ominous_item_spawner
[21:30:55] [Render thread/ERROR] (Minecraft) No data fixer registered for wind_charge
[21:30:55] [Render thread/INFO] (Copper-Age-Backport) Loaded config: golemBuildSpawning=true, golemPressesButtons=true, buttonPressChance=5%, golemTransportStackSize=16, weatheringTickFrom=504000, weatheringTickTo=552000
[21:30:55] [Render thread/INFO] (Copper-Age-Backport) Initializing Copper-Age-Backport on Fabric
[21:30:55] [Render thread/INFO] (Copper-Age-Backport) Registering sounds for Copper-Age-Backport
[21:30:55] [Render thread/INFO] (Copper-Age-Backport) Registering memory module types for Copper-Age-Backport
[21:30:55] [Render thread/INFO] (Copper-Age-Backport) Registering particles for Copper-Age-Backport
[21:30:55] [Render thread/INFO] (Copper-Age-Backport) Registering blocks for Copper-Age-Backport
[21:30:55] [Render thread/INFO] (Copper-Age-Backport) Registering block entities for Copper-Age-Backport
[21:30:55] [Render thread/INFO] (Copper-Age-Backport) Registering entities for Copper-Age-Backport
[21:30:55] [Render thread/ERROR] (Minecraft) No data fixer registered for copper_golem
[21:30:55] [Render thread/INFO] (Copper-Age-Backport) Registering items for Copper-Age-Backport
[21:30:55] [Render thread/INFO] (Copper-Age-Backport) ModCompat: Mod 'fastchest' not loaded, skipping compatibility module
[21:30:55] [Render thread/INFO] (Copper-Age-Backport) ModCompat: Mod 'sophisticatedstorage' not loaded, skipping compatibility module
[21:30:55] [Render thread/INFO] (Copper-Age-Backport) ModCompat: Mod 'ironchest' not loaded, skipping compatibility module
[21:30:55] [Render thread/INFO] (Copper-Age-Backport) ModCompat: Initializing 0 compatibility modules...
[21:30:55] [Render thread/INFO] (Copper-Age-Backport) ModCompat: Initialization complete. 0 chest handlers, 0 container handlers registered.
[21:30:55] [Render thread/INFO] (Copper-Age-Backport) Copper-Age-Backport initialized successfully!
[21:30:55] [Render thread/INFO] (Copper-Age-Backport) Fired 1 registration callbacks
[21:30:55] [Render thread/INFO] (Indigo) [Indigo] Registering Indigo renderer!
[21:30:56] [Render thread/INFO] (Minecraft) Backend library: LWJGL version 3.3.2-snapshot
[21:30:57] [Render thread/INFO] (Minecraft) Reloading ResourceManager: vanilla, fabric (fabric-biome-api-v1, fabric-blockrenderlayer-v1, fabric-particles-v1, fabric-keybindings-v0, fabric-commands-v0, fabric-networking-v0, fabric-dimensions-v1, fabric-networking-api-v1, fabric-resource-loader-v0, fabric-client-tags-api-v1, fabric-renderer-registries-v1, fabric-events-lifecycle-v0, fabric-item-api-v1, fabric-recipe-api-v1, fabric-renderer-api-v1, fabric-loot-api-v2, fabric-key-binding-api-v1, fabric-transfer-api-v1, fabric-block-view-api-v2, fabric-lifecycle-events-v1, fabric-renderer-indigo, fabric-block-api-v1, fabric-command-api-v2, fabric-api-base, fabric-rendering-data-attachment-v1, generated_2ce0cb5, fabricloader, fabric-data-attachment-api-v1, fabric-screen-handler-api-v1, sherdsapi, fabric-gametest-api-v1, fabric-api-lookup-api-v1, fabric-game-rule-api-v1, fabric-api, fabric-rendering-fluids-v1, fabric-rendering-v1, fabric-transitive-access-wideners-v1, trickytrialsbackport, fabric-item-group-api-v1, fabric-object-builder-api-v1, trimmed, fabric-message-api-v1, fabric-rendering-v0, fabric-models-v0, fabric-events-interaction-v0, fabric-mining-level-api-v1, fabric-resource-conditions-api-v1, fabric-command-api-v1, copperagebackport, fabric-entity-events-v1, fabric-screen-api-v1, fabric-content-registries-v0, fabric-model-loading-api-v1, fabric-convention-tags-v1, fabric-loot-tables-v1, fabric-registry-sync-v0, fabric-crash-report-info-v1, fabric-containers-v0, fabric-data-generation-api-v1, fabric-sound-api-v1)
[21:30:58] [Worker-Main-13/INFO] (Minecraft) Found unifont_all_no_pua-15.0.06.hex, loading
[21:30:58] [Worker-Main-2/WARN] (Minecraft) Texture sherdsapi:entity/decorated_pot/api with size 1464x1464 limits mip level from 4 to 3
[21:30:58] [Worker-Main-2/WARN] (Minecraft) minecraft:textures/atlas/decorated_pot.png: dropping miplevel from 4 to 3, because of minimum power of two: 8
[21:30:58] [Realms Notification Availability checker #1/INFO] (Minecraft) Could not authorize you against Realms server: java.lang.RuntimeException: Failed to parse into SignedJWT: FabricMC
[21:30:59] [Render thread/INFO] (Trimmed) Client tags loaded!
[21:30:59] [Render thread/INFO] (Trimmed) Client maps loaded!
[21:30:59] [Render thread/WARN] (Minecraft) Missing sound for event: minecraft:item.goat_horn.play
[21:30:59] [Render thread/WARN] (Minecraft) Missing sound for event: minecraft:entity.goat.screaming.horn_break
[21:30:59] [Render thread/WARN] (Minecraft) Missing sound for event: trickytrialsbackport:music.disc.creator
[21:30:59] [Render thread/WARN] (Minecraft) Missing sound for event: trickytrialsbackport:music.disc.creator_music_box
[21:30:59] [Render thread/WARN] (Minecraft) Missing sound for event: trickytrialsbackport:music.disc.precipice
[21:30:59] [Render thread/INFO] (Minecraft) OpenAL initialized on device OpenAL Soft on Speakers (Realtek High Definition Audio)
[21:30:59] [Render thread/INFO] (Minecraft) Sound engine started
[21:30:59] [Render thread/INFO] (Minecraft) Created: 1024x1024x4 minecraft:textures/atlas/blocks.png-atlas
[21:30:59] [Render thread/INFO] (Minecraft) Created: 256x256x4 minecraft:textures/atlas/signs.png-atlas
[21:30:59] [Render thread/INFO] (Minecraft) Created: 512x512x4 minecraft:textures/atlas/shield_patterns.png-atlas
[21:30:59] [Render thread/INFO] (Minecraft) Created: 512x512x4 minecraft:textures/atlas/banner_patterns.png-atlas
[21:30:59] [Render thread/INFO] (Minecraft) Created: 2048x1024x4 minecraft:textures/atlas/armor_trims.png-atlas
[21:30:59] [Render thread/INFO] (Minecraft) Created: 512x256x4 minecraft:textures/atlas/chest.png-atlas
[21:30:59] [Render thread/INFO] (Minecraft) Created: 2048x2048x3 minecraft:textures/atlas/decorated_pot.png-atlas
[21:30:59] [Render thread/INFO] (Minecraft) Created: 512x256x4 minecraft:textures/atlas/shulker_boxes.png-atlas
[21:30:59] [Render thread/INFO] (Minecraft) Created: 512x256x4 minecraft:textures/atlas/beds.png-atlas
[21:31:00] [Render thread/WARN] (Minecraft) Shader rendertype_entity_translucent_emissive could not find sampler named Sampler2 in the specified shader program.
[21:31:00] [Render thread/INFO] (Minecraft) Created: 512x256x0 minecraft:textures/atlas/particles.png-atlas
[21:31:00] [Render thread/INFO] (Minecraft) Created: 512x256x0 minecraft:textures/atlas/paintings.png-atlas
[21:31:00] [Render thread/INFO] (Minecraft) Created: 256x128x0 minecraft:textures/atlas/mob_effects.png-atlas
[21:31:00] [Render thread/INFO] (Trimmed) Item model overrides loaded!
[21:31:00] [Render thread/INFO] (Trimmed) Trimmed templates are prepared!
[21:31:05] [Render thread/INFO] (Minecraft) Deleting level New World
[21:31:05] [Render thread/INFO] (Minecraft) Attempt 1...
[21:31:06] [Worker-Main-13/ERROR] (Minecraft) Couldn't parse element loot_tables:minecraft:chests/trial_chambers/reward_ominous_rare
com.google.gson.JsonSyntaxException: Unknown enchantment 'minecraft:wind_burst'
	at net.minecraft.world.level.storage.loot.functions.SetEnchantmentsFunction$Serializer.method_32418(SetEnchantmentsFunction.java:133) ~[minecraft-merged-411361af99-1.20.1-loom.mappings.1_20_1.layered+hash.40359-v2.jar:?]
	at java.util.Optional.orElseThrow(Optional.java:403) ~[?:?]
	at net.minecraft.world.level.storage.loot.functions.SetEnchantmentsFunction$Serializer.deserialize(SetEnchantmentsFunction.java:133) ~[minecraft-merged-411361af99-1.20.1-loom.mappings.1_20_1.layered+hash.40359-v2.jar:?]
	at net.minecraft.world.level.storage.loot.functions.SetEnchantmentsFunction$Serializer.deserialize(SetEnchantmentsFunction.java:107) ~[minecraft-merged-411361af99-1.20.1-loom.mappings.1_20_1.layered+hash.40359-v2.jar:?]
	at net.minecraft.world.level.storage.loot.functions.LootItemConditionalFunction$Serializer.deserialize(LootItemConditionalFunction.java:99) ~[minecraft-merged-411361af99-1.20.1-loom.mappings.1_20_1.layered+hash.40359-v2.jar:?]
	at net.minecraft.world.level.storage.loot.functions.LootItemConditionalFunction$Serializer.deserialize(LootItemConditionalFunction.java:88) ~[minecraft-merged-411361af99-1.20.1-loom.mappings.1_20_1.layered+hash.40359-v2.jar:?]
	at net.minecraft.world.level.storage.loot.GsonAdapterFactory$JsonAdapter.deserialize(GsonAdapterFactory.java:102) ~[minecraft-merged-411361af99-1.20.1-loom.mappings.1_20_1.layered+hash.40359-v2.jar:?]
	at com.google.gson.internal.bind.TreeTypeAdapter.read(TreeTypeAdapter.java:76) ~[gson-2.10.jar:?]
	at com.google.gson.internal.bind.TypeAdapterRuntimeTypeWrapper.read(TypeAdapterRuntimeTypeWrapper.java:40) ~[gson-2.10.jar:?]
	at com.google.gson.internal.bind.ArrayTypeAdapter.read(ArrayTypeAdapter.java:72) ~[gson-2.10.jar:?]
	at com.google.gson.Gson.fromJson(Gson.java:1214) ~[gson-2.10.jar:?]
	at com.google.gson.Gson.fromJson(Gson.java:1319) ~[gson-2.10.jar:?]
	at com.google.gson.Gson.fromJson(Gson.java:1290) ~[gson-2.10.jar:?]
	at com.google.gson.internal.bind.TreeTypeAdapter$GsonContextImpl.deserialize(TreeTypeAdapter.java:179) ~[gson-2.10.jar:?]
	at net.minecraft.util.GsonHelper.convertToObject(GsonHelper.java:463) ~[minecraft-merged-411361af99-1.20.1-loom.mappings.1_20_1.layered+hash.40359-v2.jar:?]
	at net.minecraft.util.GsonHelper.getAsObject(GsonHelper.java:481) ~[minecraft-merged-411361af99-1.20.1-loom.mappings.1_20_1.layered+hash.40359-v2.jar:?]
	at net.minecraft.world.level.storage.loot.entries.LootPoolSingletonContainer$Serializer.deserializeCustom(LootPoolSingletonContainer.java:149) ~[minecraft-merged-411361af99-1.20.1-loom.mappings.1_20_1.layered+hash.40359-v2.jar:?]
	at net.minecraft.world.level.storage.loot.entries.LootPoolSingletonContainer$Serializer.deserializeCustom(LootPoolSingletonContainer.java:129) ~[minecraft-merged-411361af99-1.20.1-loom.mappings.1_20_1.layered+hash.40359-v2.jar:?]
	at net.minecraft.world.level.storage.loot.entries.LootPoolEntryContainer$Serializer.deserialize(LootPoolEntryContainer.java:86) ~[minecraft-merged-411361af99-1.20.1-loom.mappings.1_20_1.layered+hash.40359-v2.jar:?]
	at net.minecraft.world.level.storage.loot.entries.LootPoolEntryContainer$Serializer.deserialize(LootPoolEntryContainer.java:74) ~[minecraft-merged-411361af99-1.20.1-loom.mappings.1_20_1.layered+hash.40359-v2.jar:?]
	at net.minecraft.world.level.storage.loot.GsonAdapterFactory$JsonAdapter.deserialize(GsonAdapterFactory.java:102) ~[minecraft-merged-411361af99-1.20.1-loom.mappings.1_20_1.layered+hash.40359-v2.jar:?]
	at com.google.gson.internal.bind.TreeTypeAdapter.read(TreeTypeAdapter.java:76) ~[gson-2.10.jar:?]
	at com.google.gson.internal.bind.TypeAdapterRuntimeTypeWrapper.read(TypeAdapterRuntimeTypeWrapper.java:40) ~[gson-2.10.jar:?]
	at com.google.gson.internal.bind.ArrayTypeAdapter.read(ArrayTypeAdapter.java:72) ~[gson-2.10.jar:?]
	at com.google.gson.Gson.fromJson(Gson.java:1214) ~[gson-2.10.jar:?]
	at com.google.gson.Gson.fromJson(Gson.java:1319) ~[gson-2.10.jar:?]
	at com.google.gson.Gson.fromJson(Gson.java:1290) ~[gson-2.10.jar:?]
	at com.google.gson.internal.bind.TreeTypeAdapter$GsonContextImpl.deserialize(TreeTypeAdapter.java:179) ~[gson-2.10.jar:?]
	at net.minecraft.util.GsonHelper.convertToObject(GsonHelper.java:463) ~[minecraft-merged-411361af99-1.20.1-loom.mappings.1_20_1.layered+hash.40359-v2.jar:?]
	at net.minecraft.util.GsonHelper.getAsObject(GsonHelper.java:471) ~[minecraft-merged-411361af99-1.20.1-loom.mappings.1_20_1.layered+hash.40359-v2.jar:?]
	at net.minecraft.world.level.storage.loot.LootPool$Serializer.deserialize(LootPool.java:173) ~[minecraft-merged-411361af99-1.20.1-loom.mappings.1_20_1.layered+hash.40359-v2.jar:?]
	at net.minecraft.world.level.storage.loot.LootPool$Serializer.deserialize(LootPool.java:169) ~[minecraft-merged-411361af99-1.20.1-loom.mappings.1_20_1.layered+hash.40359-v2.jar:?]
	at com.google.gson.internal.bind.TreeTypeAdapter.read(TreeTypeAdapter.java:76) ~[gson-2.10.jar:?]
	at com.google.gson.internal.bind.TypeAdapterRuntimeTypeWrapper.read(TypeAdapterRuntimeTypeWrapper.java:40) ~[gson-2.10.jar:?]
	at com.google.gson.internal.bind.ArrayTypeAdapter.read(ArrayTypeAdapter.java:72) ~[gson-2.10.jar:?]
	at com.google.gson.Gson.fromJson(Gson.java:1214) ~[gson-2.10.jar:?]
	at com.google.gson.Gson.fromJson(Gson.java:1319) ~[gson-2.10.jar:?]
	at com.google.gson.Gson.fromJson(Gson.java:1290) ~[gson-2.10.jar:?]
	at com.google.gson.internal.bind.TreeTypeAdapter$GsonContextImpl.deserialize(TreeTypeAdapter.java:179) ~[gson-2.10.jar:?]
	at net.minecraft.util.GsonHelper.convertToObject(GsonHelper.java:463) ~[minecraft-merged-411361af99-1.20.1-loom.mappings.1_20_1.layered+hash.40359-v2.jar:?]
	at net.minecraft.util.GsonHelper.getAsObject(GsonHelper.java:481) ~[minecraft-merged-411361af99-1.20.1-loom.mappings.1_20_1.layered+hash.40359-v2.jar:?]
	at net.minecraft.world.level.storage.loot.LootTable$Serializer.deserialize(LootTable.java:250) ~[minecraft-merged-411361af99-1.20.1-loom.mappings.1_20_1.layered+hash.40359-v2.jar:?]
	at net.minecraft.world.level.storage.loot.LootTable$Serializer.deserialize(LootTable.java:246) ~[minecraft-merged-411361af99-1.20.1-loom.mappings.1_20_1.layered+hash.40359-v2.jar:?]
	at com.google.gson.internal.bind.TreeTypeAdapter.read(TreeTypeAdapter.java:76) ~[gson-2.10.jar:?]
	at com.google.gson.Gson.fromJson(Gson.java:1214) ~[gson-2.10.jar:?]
	at com.google.gson.Gson.fromJson(Gson.java:1319) ~[gson-2.10.jar:?]
	at com.google.gson.Gson.fromJson(Gson.java:1261) ~[gson-2.10.jar:?]
	at net.minecraft.world.level.storage.loot.LootDataType.method_51205(LootDataType.java:64) ~[minecraft-merged-411361af99-1.20.1-loom.mappings.1_20_1.layered+hash.40359-v2.jar:?]
	at net.minecraft.world.level.storage.loot.LootDataType.deserialize(LootDataType.java:48) ~[minecraft-merged-411361af99-1.20.1-loom.mappings.1_20_1.layered+hash.40359-v2.jar:?]
	at net.minecraft.world.level.storage.loot.LootDataManager.method_51195(LootDataManager.java:55) ~[minecraft-merged-411361af99-1.20.1-loom.mappings.1_20_1.layered+hash.40359-v2.jar:?]
	at java.util.HashMap.forEach(HashMap.java:1429) ~[?:?]
	at net.minecraft.world.level.storage.loot.LootDataManager.method_51189(LootDataManager.java:55) ~[minecraft-merged-411361af99-1.20.1-loom.mappings.1_20_1.layered+hash.40359-v2.jar:?]
	at java.util.concurrent.CompletableFuture$AsyncRun.run(CompletableFuture.java:1804) ~[?:?]
	at java.util.concurrent.CompletableFuture$AsyncRun.exec(CompletableFuture.java:1796) ~[?:?]
	at java.util.concurrent.ForkJoinTask.doExec(ForkJoinTask.java:387) ~[?:?]
	at java.util.concurrent.ForkJoinPool$WorkQueue.topLevelExec(ForkJoinPool.java:1310) ~[?:?]
	at java.util.concurrent.ForkJoinPool.scan(ForkJoinPool.java:1841) ~[?:?]
	at java.util.concurrent.ForkJoinPool.runWorker(ForkJoinPool.java:1806) ~[?:?]
	at java.util.concurrent.ForkJoinWorkerThread.run(ForkJoinWorkerThread.java:188) ~[?:?]
[21:31:06] [Render thread/WARN] (Minecraft) Found loot table element validation problem in {loot_tables:minecraft:chests/trial_chambers/reward_ominous}.pools[1].entries[0]: Unknown loot table called minecraft:chests/trial_chambers/reward_ominous_rare
[21:31:07] [Render thread/INFO] (Minecraft) Loaded 7 recipes
[21:31:07] [Render thread/INFO] (Minecraft) Loaded 1323 advancements
[21:31:08] [Worker-Main-13/ERROR] (Minecraft) Couldn't parse element loot_tables:minecraft:chests/trial_chambers/reward_ominous_rare
com.google.gson.JsonSyntaxException: Unknown enchantment 'minecraft:wind_burst'
	at net.minecraft.world.level.storage.loot.functions.SetEnchantmentsFunction$Serializer.method_32418(SetEnchantmentsFunction.java:133) ~[minecraft-merged-411361af99-1.20.1-loom.mappings.1_20_1.layered+hash.40359-v2.jar:?]
	at java.util.Optional.orElseThrow(Optional.java:403) ~[?:?]
	at net.minecraft.world.level.storage.loot.functions.SetEnchantmentsFunction$Serializer.deserialize(SetEnchantmentsFunction.java:133) ~[minecraft-merged-411361af99-1.20.1-loom.mappings.1_20_1.layered+hash.40359-v2.jar:?]
	at net.minecraft.world.level.storage.loot.functions.SetEnchantmentsFunction$Serializer.deserialize(SetEnchantmentsFunction.java:107) ~[minecraft-merged-411361af99-1.20.1-loom.mappings.1_20_1.layered+hash.40359-v2.jar:?]
	at net.minecraft.world.level.storage.loot.functions.LootItemConditionalFunction$Serializer.deserialize(LootItemConditionalFunction.java:99) ~[minecraft-merged-411361af99-1.20.1-loom.mappings.1_20_1.layered+hash.40359-v2.jar:?]
	at net.minecraft.world.level.storage.loot.functions.LootItemConditionalFunction$Serializer.deserialize(LootItemConditionalFunction.java:88) ~[minecraft-merged-411361af99-1.20.1-loom.mappings.1_20_1.layered+hash.40359-v2.jar:?]
	at net.minecraft.world.level.storage.loot.GsonAdapterFactory$JsonAdapter.deserialize(GsonAdapterFactory.java:102) ~[minecraft-merged-411361af99-1.20.1-loom.mappings.1_20_1.layered+hash.40359-v2.jar:?]
	at com.google.gson.internal.bind.TreeTypeAdapter.read(TreeTypeAdapter.java:76) ~[gson-2.10.jar:?]
	at com.google.gson.internal.bind.TypeAdapterRuntimeTypeWrapper.read(TypeAdapterRuntimeTypeWrapper.java:40) ~[gson-2.10.jar:?]
	at com.google.gson.internal.bind.ArrayTypeAdapter.read(ArrayTypeAdapter.java:72) ~[gson-2.10.jar:?]
	at com.google.gson.Gson.fromJson(Gson.java:1214) ~[gson-2.10.jar:?]
	at com.google.gson.Gson.fromJson(Gson.java:1319) ~[gson-2.10.jar:?]
	at com.google.gson.Gson.fromJson(Gson.java:1290) ~[gson-2.10.jar:?]
	at com.google.gson.internal.bind.TreeTypeAdapter$GsonContextImpl.deserialize(TreeTypeAdapter.java:179) ~[gson-2.10.jar:?]
	at net.minecraft.util.GsonHelper.convertToObject(GsonHelper.java:463) ~[minecraft-merged-411361af99-1.20.1-loom.mappings.1_20_1.layered+hash.40359-v2.jar:?]
	at net.minecraft.util.GsonHelper.getAsObject(GsonHelper.java:481) ~[minecraft-merged-411361af99-1.20.1-loom.mappings.1_20_1.layered+hash.40359-v2.jar:?]
	at net.minecraft.world.level.storage.loot.entries.LootPoolSingletonContainer$Serializer.deserializeCustom(LootPoolSingletonContainer.java:149) ~[minecraft-merged-411361af99-1.20.1-loom.mappings.1_20_1.layered+hash.40359-v2.jar:?]
	at net.minecraft.world.level.storage.loot.entries.LootPoolSingletonContainer$Serializer.deserializeCustom(LootPoolSingletonContainer.java:129) ~[minecraft-merged-411361af99-1.20.1-loom.mappings.1_20_1.layered+hash.40359-v2.jar:?]
	at net.minecraft.world.level.storage.loot.entries.LootPoolEntryContainer$Serializer.deserialize(LootPoolEntryContainer.java:86) ~[minecraft-merged-411361af99-1.20.1-loom.mappings.1_20_1.layered+hash.40359-v2.jar:?]
	at net.minecraft.world.level.storage.loot.entries.LootPoolEntryContainer$Serializer.deserialize(LootPoolEntryContainer.java:74) ~[minecraft-merged-411361af99-1.20.1-loom.mappings.1_20_1.layered+hash.40359-v2.jar:?]
	at net.minecraft.world.level.storage.loot.GsonAdapterFactory$JsonAdapter.deserialize(GsonAdapterFactory.java:102) ~[minecraft-merged-411361af99-1.20.1-loom.mappings.1_20_1.layered+hash.40359-v2.jar:?]
	at com.google.gson.internal.bind.TreeTypeAdapter.read(TreeTypeAdapter.java:76) ~[gson-2.10.jar:?]
	at com.google.gson.internal.bind.TypeAdapterRuntimeTypeWrapper.read(TypeAdapterRuntimeTypeWrapper.java:40) ~[gson-2.10.jar:?]
	at com.google.gson.internal.bind.ArrayTypeAdapter.read(ArrayTypeAdapter.java:72) ~[gson-2.10.jar:?]
	at com.google.gson.Gson.fromJson(Gson.java:1214) ~[gson-2.10.jar:?]
	at com.google.gson.Gson.fromJson(Gson.java:1319) ~[gson-2.10.jar:?]
	at com.google.gson.Gson.fromJson(Gson.java:1290) ~[gson-2.10.jar:?]
	at com.google.gson.internal.bind.TreeTypeAdapter$GsonContextImpl.deserialize(TreeTypeAdapter.java:179) ~[gson-2.10.jar:?]
	at net.minecraft.util.GsonHelper.convertToObject(GsonHelper.java:463) ~[minecraft-merged-411361af99-1.20.1-loom.mappings.1_20_1.layered+hash.40359-v2.jar:?]
	at net.minecraft.util.GsonHelper.getAsObject(GsonHelper.java:471) ~[minecraft-merged-411361af99-1.20.1-loom.mappings.1_20_1.layered+hash.40359-v2.jar:?]
	at net.minecraft.world.level.storage.loot.LootPool$Serializer.deserialize(LootPool.java:173) ~[minecraft-merged-411361af99-1.20.1-loom.mappings.1_20_1.layered+hash.40359-v2.jar:?]
	at net.minecraft.world.level.storage.loot.LootPool$Serializer.deserialize(LootPool.java:169) ~[minecraft-merged-411361af99-1.20.1-loom.mappings.1_20_1.layered+hash.40359-v2.jar:?]
	at com.google.gson.internal.bind.TreeTypeAdapter.read(TreeTypeAdapter.java:76) ~[gson-2.10.jar:?]
	at com.google.gson.internal.bind.TypeAdapterRuntimeTypeWrapper.read(TypeAdapterRuntimeTypeWrapper.java:40) ~[gson-2.10.jar:?]
	at com.google.gson.internal.bind.ArrayTypeAdapter.read(ArrayTypeAdapter.java:72) ~[gson-2.10.jar:?]
	at com.google.gson.Gson.fromJson(Gson.java:1214) ~[gson-2.10.jar:?]
	at com.google.gson.Gson.fromJson(Gson.java:1319) ~[gson-2.10.jar:?]
	at com.google.gson.Gson.fromJson(Gson.java:1290) ~[gson-2.10.jar:?]
	at com.google.gson.internal.bind.TreeTypeAdapter$GsonContextImpl.deserialize(TreeTypeAdapter.java:179) ~[gson-2.10.jar:?]
	at net.minecraft.util.GsonHelper.convertToObject(GsonHelper.java:463) ~[minecraft-merged-411361af99-1.20.1-loom.mappings.1_20_1.layered+hash.40359-v2.jar:?]
	at net.minecraft.util.GsonHelper.getAsObject(GsonHelper.java:481) ~[minecraft-merged-411361af99-1.20.1-loom.mappings.1_20_1.layered+hash.40359-v2.jar:?]
	at net.minecraft.world.level.storage.loot.LootTable$Serializer.deserialize(LootTable.java:250) ~[minecraft-merged-411361af99-1.20.1-loom.mappings.1_20_1.layered+hash.40359-v2.jar:?]
	at net.minecraft.world.level.storage.loot.LootTable$Serializer.deserialize(LootTable.java:246) ~[minecraft-merged-411361af99-1.20.1-loom.mappings.1_20_1.layered+hash.40359-v2.jar:?]
	at com.google.gson.internal.bind.TreeTypeAdapter.read(TreeTypeAdapter.java:76) ~[gson-2.10.jar:?]
	at com.google.gson.Gson.fromJson(Gson.java:1214) ~[gson-2.10.jar:?]
	at com.google.gson.Gson.fromJson(Gson.java:1319) ~[gson-2.10.jar:?]
	at com.google.gson.Gson.fromJson(Gson.java:1261) ~[gson-2.10.jar:?]
	at net.minecraft.world.level.storage.loot.LootDataType.method_51205(LootDataType.java:64) ~[minecraft-merged-411361af99-1.20.1-loom.mappings.1_20_1.layered+hash.40359-v2.jar:?]
	at net.minecraft.world.level.storage.loot.LootDataType.deserialize(LootDataType.java:48) ~[minecraft-merged-411361af99-1.20.1-loom.mappings.1_20_1.layered+hash.40359-v2.jar:?]
	at net.minecraft.world.level.storage.loot.LootDataManager.method_51195(LootDataManager.java:55) ~[minecraft-merged-411361af99-1.20.1-loom.mappings.1_20_1.layered+hash.40359-v2.jar:?]
	at java.util.HashMap.forEach(HashMap.java:1429) ~[?:?]
	at net.minecraft.world.level.storage.loot.LootDataManager.method_51189(LootDataManager.java:55) ~[minecraft-merged-411361af99-1.20.1-loom.mappings.1_20_1.layered+hash.40359-v2.jar:?]
	at java.util.concurrent.CompletableFuture$AsyncRun.run(CompletableFuture.java:1804) ~[?:?]
	at java.util.concurrent.CompletableFuture$AsyncRun.exec(CompletableFuture.java:1796) ~[?:?]
	at java.util.concurrent.ForkJoinTask.doExec(ForkJoinTask.java:387) ~[?:?]
	at java.util.concurrent.ForkJoinPool$WorkQueue.topLevelExec(ForkJoinPool.java:1310) ~[?:?]
	at java.util.concurrent.ForkJoinPool.scan(ForkJoinPool.java:1841) ~[?:?]
	at java.util.concurrent.ForkJoinPool.runWorker(ForkJoinPool.java:1806) ~[?:?]
	at java.util.concurrent.ForkJoinWorkerThread.run(ForkJoinWorkerThread.java:188) ~[?:?]
[21:31:08] [Render thread/WARN] (Minecraft) Found loot table element validation problem in {loot_tables:minecraft:chests/trial_chambers/reward_ominous}.pools[1].entries[0]: Unknown loot table called minecraft:chests/trial_chambers/reward_ominous_rare
[21:31:08] [Render thread/INFO] (Minecraft) Loaded 7 recipes
[21:31:08] [Render thread/INFO] (Minecraft) Loaded 1323 advancements
[21:31:09] [Render thread/INFO] (BiomeModificationImpl) Applied 2 biome modifications to 2 of 64 new biomes in 4.385 ms
[21:31:09] [Server thread/INFO] (Minecraft) Starting integrated minecraft server version 1.20.1
[21:31:09] [Server thread/INFO] (Minecraft) Generating keypair
[21:31:11] [Worker-Main-9/WARN] (Minecraft) Empty or non-existent pool: minecraft:trial_chambers/spawner/contents/small_melee
[21:31:11] [Worker-Main-9/WARN] (Minecraft) Empty or non-existent pool: minecraft:trial_chambers/spawner/contents/melee
[21:31:11] [Worker-Main-9/WARN] (Minecraft) Empty or non-existent pool: minecraft:trial_chambers/spawner/contents/melee
[21:31:11] [Worker-Main-9/WARN] (Minecraft) Empty or non-existent pool: minecraft:trial_chambers/spawner/contents/melee
[21:31:11] [Worker-Main-9/WARN] (Minecraft) Empty or non-existent pool: minecraft:trial_chambers/spawner/contents/ranged
[21:31:11] [Worker-Main-9/WARN] (Minecraft) Empty or non-existent pool: minecraft:trial_chambers/spawner/contents/ranged
[21:31:11] [Worker-Main-9/WARN] (Minecraft) Empty or non-existent pool: minecraft:trial_chambers/spawner/contents/ranged
[21:31:11] [Worker-Main-9/WARN] (Minecraft) Empty or non-existent pool: minecraft:trial_chambers/spawner/contents/melee
[21:31:11] [Worker-Main-9/WARN] (Minecraft) Empty or non-existent pool: minecraft:trial_chambers/spawner/contents/ranged
[21:31:11] [Worker-Main-9/WARN] (Minecraft) Empty or non-existent pool: minecraft:trial_chambers/spawner/contents/ranged
[21:31:11] [Worker-Main-9/WARN] (Minecraft) Empty or non-existent pool: minecraft:trial_chambers/spawner/contents/small_melee
[21:31:12] [Server thread/INFO] (Minecraft) Preparing start region for dimension minecraft:overworld
[21:31:12] [Render thread/INFO] (Minecraft) Preparing spawn area: 0%
[21:31:12] [Render thread/INFO] (Minecraft) Preparing spawn area: 0%
[21:31:13] [Worker-Main-7/WARN] (Minecraft) Empty or non-existent pool: minecraft:trial_chambers/spawner/contents/ranged
[21:31:13] [Worker-Main-7/WARN] (Minecraft) Empty or non-existent pool: minecraft:trial_chambers/spawner/contents/ranged
[21:31:13] [Worker-Main-7/WARN] (Minecraft) Empty or non-existent pool: minecraft:trial_chambers/spawner/contents/small_melee
[21:31:13] [Worker-Main-7/WARN] (Minecraft) Empty or non-existent pool: minecraft:trial_chambers/spawner/contents/ranged
[21:31:13] [Worker-Main-7/WARN] (Minecraft) Empty or non-existent pool: minecraft:trial_chambers/spawner/contents/ranged
[21:31:13] [Worker-Main-7/WARN] (Minecraft) Empty or non-existent pool: minecraft:trial_chambers/spawner/contents/melee
[21:31:13] [Worker-Main-7/WARN] (Minecraft) Empty or non-existent pool: minecraft:trial_chambers/spawner/contents/small_melee
[21:31:13] [Worker-Main-7/WARN] (Minecraft) Empty or non-existent pool: minecraft:trial_chambers/spawner/contents/slow_ranged
[21:31:13] [Worker-Main-7/WARN] (Minecraft) Empty or non-existent pool: minecraft:trial_chambers/spawner/contents/slow_ranged
[21:31:13] [Worker-Main-7/WARN] (Minecraft) Empty or non-existent pool: minecraft:trial_chambers/spawner/contents/slow_ranged
[21:31:13] [Worker-Main-7/WARN] (Minecraft) Empty or non-existent pool: minecraft:trial_chambers/spawner/contents/slow_ranged
[21:31:13] [Worker-Main-7/WARN] (Minecraft) Empty or non-existent pool: minecraft:trial_chambers/spawner/contents/small_melee
[21:31:13] [Worker-Main-7/WARN] (Minecraft) Empty or non-existent pool: minecraft:trial_chambers/spawner/contents/melee
[21:31:13] [Worker-Main-7/WARN] (Minecraft) Empty or non-existent pool: minecraft:trial_chambers/spawner/contents/melee
[21:31:13] [Worker-Main-7/WARN] (Minecraft) Empty or non-existent pool: minecraft:trial_chambers/spawner/contents/melee
[21:31:13] [Worker-Main-7/WARN] (Minecraft) Empty or non-existent pool: minecraft:trial_chambers/spawner/contents/ranged
[21:31:13] [Worker-Main-7/WARN] (Minecraft) Empty or non-existent pool: minecraft:trial_chambers/spawner/contents/ranged
[21:31:13] [Render thread/INFO] (Minecraft) Preparing spawn area: 0%
[21:31:13] [Render thread/INFO] (Minecraft) Preparing spawn area: 0%
[21:31:14] [Render thread/INFO] (Minecraft) Preparing spawn area: 1%
[21:31:14] [Render thread/INFO] (Minecraft) Preparing spawn area: 4%
[21:31:15] [Render thread/INFO] (Minecraft) Preparing spawn area: 6%
[21:31:15] [Render thread/INFO] (Minecraft) Preparing spawn area: 10%
[21:31:16] [Render thread/INFO] (Minecraft) Preparing spawn area: 14%
[21:31:16] [Render thread/INFO] (Minecraft) Preparing spawn area: 17%
[21:31:17] [Render thread/INFO] (Minecraft) Preparing spawn area: 18%
[21:31:17] [Render thread/INFO] (Minecraft) Preparing spawn area: 21%
[21:31:18] [Render thread/INFO] (Minecraft) Preparing spawn area: 25%
[21:31:18] [Worker-Main-5/WARN] (Minecraft) Empty or non-existent pool: minecraft:trial_chambers/spawner/contents/ranged
[21:31:18] [Worker-Main-5/WARN] (Minecraft) Empty or non-existent pool: minecraft:trial_chambers/spawner/contents/ranged
[21:31:18] [Worker-Main-5/WARN] (Minecraft) Empty or non-existent pool: minecraft:trial_chambers/spawner/contents/ranged
[21:31:18] [Worker-Main-5/WARN] (Minecraft) Empty or non-existent pool: minecraft:trial_chambers/spawner/contents/ranged
[21:31:18] [Worker-Main-5/WARN] (Minecraft) Empty or non-existent pool: minecraft:trial_chambers/spawner/contents/ranged
[21:31:18] [Worker-Main-5/WARN] (Minecraft) Empty or non-existent pool: minecraft:trial_chambers/spawner/contents/ranged
[21:31:18] [Worker-Main-5/WARN] (Minecraft) Empty or non-existent pool: minecraft:trial_chambers/spawner/contents/ranged
[21:31:18] [Worker-Main-5/WARN] (Minecraft) Empty or non-existent pool: minecraft:trial_chambers/spawner/contents/small_melee
[21:31:18] [Worker-Main-5/WARN] (Minecraft) Empty or non-existent pool: minecraft:trial_chambers/spawner/contents/ranged
[21:31:18] [Worker-Main-5/WARN] (Minecraft) Empty or non-existent pool: minecraft:trial_chambers/spawner/contents/ranged
[21:31:18] [Worker-Main-5/WARN] (Minecraft) Empty or non-existent pool: minecraft:trial_chambers/spawner/contents/small_melee
[21:31:18] [Worker-Main-5/WARN] (Minecraft) Empty or non-existent pool: minecraft:trial_chambers/spawner/contents/small_melee
[21:31:19] [Render thread/INFO] (Minecraft) Preparing spawn area: 31%
[21:31:19] [Render thread/INFO] (Minecraft) Preparing spawn area: 35%
[21:31:19] [Render thread/INFO] (Minecraft) Preparing spawn area: 40%
[21:31:20] [Render thread/INFO] (Minecraft) Preparing spawn area: 45%
[21:31:20] [Render thread/INFO] (Minecraft) Preparing spawn area: 49%
[21:31:21] [Render thread/INFO] (Minecraft) Preparing spawn area: 55%
[21:31:21] [Render thread/INFO] (Minecraft) Preparing spawn area: 60%
[21:31:22] [Render thread/INFO] (Minecraft) Preparing spawn area: 66%
[21:31:22] [Render thread/INFO] (Minecraft) Preparing spawn area: 70%
[21:31:23] [Render thread/INFO] (Minecraft) Preparing spawn area: 75%
[21:31:23] [Render thread/INFO] (Minecraft) Preparing spawn area: 83%
[21:31:24] [Render thread/INFO] (Minecraft) Preparing spawn area: 87%
[21:31:24] [Render thread/INFO] (Minecraft) Preparing spawn area: 91%
[21:31:25] [Render thread/INFO] (Minecraft) Time elapsed: 12939 ms
[21:31:25] [Server thread/INFO] (Minecraft) Changing view distance to 12, from 10
[21:31:25] [Server thread/INFO] (Minecraft) Changing simulation distance to 12, from 0
[21:31:26] [Server thread/INFO] (Minecraft) Player490[local:E:3102c3a6] logged in with entity id 175 at (-0.5, 85.0, -25.5)
[21:31:26] [Server thread/INFO] (Minecraft) Player490 joined the game
[21:31:27] [Render thread/INFO] (Minecraft) Loaded 2 advancements
[21:31:27] [Server thread/WARN] (Minecraft) Can't keep up! Is the server overloaded? Running 2035ms or 40 ticks behind
[21:31:47] [Server thread/INFO] (Minecraft) Player490 has made the advancement [Monster Hunter]
[21:31:47] [Render thread/INFO] (Minecraft) [System] [CHAT] Player490 has made the advancement [Monster Hunter]
[21:31:47] [Render thread/INFO] (Minecraft) Loaded 40 advancements
[21:31:49] [Server thread/INFO] (Minecraft) Saving and pausing game...
[21:31:49] [Server thread/INFO] (Minecraft) Saving chunks for level 'ServerLevel[New World]'/minecraft:overworld
[21:31:49] [Server thread/INFO] (Minecraft) Saving chunks for level 'ServerLevel[New World]'/minecraft:the_end
[21:31:49] [Server thread/INFO] (Minecraft) Saving chunks for level 'ServerLevel[New World]'/minecraft:the_nether
[21:31:50] [Server thread/INFO] (Minecraft) Player490 lost connection: Disconnected
[21:31:50] [Server thread/INFO] (Minecraft) Player490 left the game
[21:31:50] [Server thread/INFO] (Minecraft) Stopping singleplayer server as player logged out
[21:31:50] [Server thread/INFO] (Minecraft) Stopping server
[21:31:50] [Server thread/INFO] (Minecraft) Saving players
[21:31:50] [Server thread/INFO] (Minecraft) Saving worlds
[21:31:50] [Server thread/INFO] (Minecraft) Saving chunks for level 'ServerLevel[New World]'/minecraft:overworld
[21:31:54] [Server thread/INFO] (Minecraft) Saving chunks for level 'ServerLevel[New World]'/minecraft:the_end
[21:31:54] [Server thread/INFO] (Minecraft) Saving chunks for level 'ServerLevel[New World]'/minecraft:the_nether
[21:31:54] [Server thread/INFO] (Minecraft) ThreadedAnvilChunkStorage (New World): All chunks are saved
[21:31:54] [Server thread/INFO] (Minecraft) ThreadedAnvilChunkStorage (DIM1): All chunks are saved
[21:31:54] [Server thread/INFO] (Minecraft) ThreadedAnvilChunkStorage (DIM-1): All chunks are saved
[21:31:54] [Server thread/INFO] (Minecraft) ThreadedAnvilChunkStorage: All dimensions are saved
[21:31:55] [Render thread/INFO] (Minecraft) Stopping!
